[ 2015-04-18T22:08:36+08:00 ] 127.0.0.1 /flower/index.php/Home/Index/login.html
INFO: [ app_begin ] --START--
INFO: Run Behavior\ReadHtmlCacheBehavior [ RunTime:0.000037s ]
INFO: [ app_begin ] --END-- [ RunTime:0.000097s ]
SQL: SHOW COLUMNS FROM `user` [ RunTime:0.0009s ]
NOTIC: [8] Undefined variable: username /var/www/html/flower/Application/Home/Controller/IndexController.class.php 第 89 行.
SQL: SELECT * FROM `user` WHERE `user_name` = null AND `user_type` = 1 LIMIT 1   [ RunTime:0.0014s ]

[ 2015-04-18T22:09:37+08:00 ] 127.0.0.1 /flower/index.php/Home/Index/login.html
INFO: [ app_begin ] --START--
INFO: Run Behavior\ReadHtmlCacheBehavior [ RunTime:0.000094s ]
INFO: [ app_begin ] --END-- [ RunTime:0.000257s ]
SQL: SHOW COLUMNS FROM `user` [ RunTime:0.0009s ]
NOTIC: [8] Undefined variable: username /var/www/html/flower/Application/Home/Controller/IndexController.class.php 第 89 行.
SQL: SELECT * FROM `user` WHERE `user_name` = null AND `user_type` = 1 LIMIT 1   [ RunTime:0.0003s ]

[ 2015-04-18T22:09:43+08:00 ] 127.0.0.1 /flower/index.php/Home/Index/login.html
INFO: [ app_begin ] --START--
INFO: Run Behavior\ReadHtmlCacheBehavior [ RunTime:0.000030s ]
INFO: [ app_begin ] --END-- [ RunTime:0.000078s ]
SQL: SHOW COLUMNS FROM `user` [ RunTime:0.0007s ]
NOTIC: [8] Undefined variable: username /var/www/html/flower/Application/Home/Controller/IndexController.class.php 第 89 行.
SQL: SELECT * FROM `user` WHERE `user_name` = null AND `user_type` = 1 LIMIT 1   [ RunTime:0.0001s ]

[ 2015-04-18T22:13:16+08:00 ] 127.0.0.1 /flower/index.php/Home/Index/login.html
INFO: [ app_begin ] --START--
INFO: Run Behavior\ReadHtmlCacheBehavior [ RunTime:0.000033s ]
INFO: [ app_begin ] --END-- [ RunTime:0.000084s ]
NOTIC: [8] Undefined variable: username /var/www/html/flower/Application/Home/Controller/IndexController.class.php 第 53 行.
SQL: SHOW COLUMNS FROM `user` [ RunTime:0.0013s ]
NOTIC: [8] Undefined variable: username /var/www/html/flower/Application/Home/Controller/IndexController.class.php 第 90 行.
SQL: SELECT * FROM `user` WHERE `user_name` = null AND `user_type` = 1 LIMIT 1   [ RunTime:0.0001s ]

[ 2015-04-18T22:14:12+08:00 ] 127.0.0.1 /flower/index.php/Home/Index/login.html
INFO: [ app_begin ] --START--
INFO: Run Behavior\ReadHtmlCacheBehavior [ RunTime:0.000078s ]
INFO: [ app_begin ] --END-- [ RunTime:0.000226s ]
NOTIC: [8] Undefined variable: username /var/www/html/flower/Application/Home/Controller/IndexController.class.php 第 53 行.
SQL: SHOW COLUMNS FROM `user` [ RunTime:0.0009s ]
NOTIC: [8] Undefined variable: username /var/www/html/flower/Application/Home/Controller/IndexController.class.php 第 90 行.
SQL: SELECT * FROM `user` WHERE `user_name` = null AND `user_type` = 1 LIMIT 1   [ RunTime:0.0001s ]

[ 2015-04-18T22:20:26+08:00 ] 127.0.0.1 /flower/index.php/Home/Index/login.html
INFO: [ app_begin ] --START--
INFO: Run Behavior\ReadHtmlCacheBehavior [ RunTime:0.000029s ]
INFO: [ app_begin ] --END-- [ RunTime:0.000079s ]
SQL: SHOW COLUMNS FROM `user` [ RunTime:0.0010s ]
SQL: SELECT * FROM `user` WHERE `user_name` = 'flower' AND `user_type` = 1 LIMIT 1   [ RunTime:0.0004s ]

[ 2015-04-18T22:20:28+08:00 ] 127.0.0.1 /flower/index.php/Home/Index/login.html
INFO: [ app_begin ] --START--
INFO: Run Behavior\ReadHtmlCacheBehavior [ RunTime:0.000057s ]
INFO: [ app_begin ] --END-- [ RunTime:0.000153s ]
SQL: SHOW COLUMNS FROM `user` [ RunTime:0.0011s ]
SQL: SELECT * FROM `user` WHERE `user_name` = 'flower' AND `user_type` = 1 LIMIT 1   [ RunTime:0.0002s ]

[ 2015-04-18T22:22:48+08:00 ] 127.0.0.1 /flower/index.php/Home/Index/login.html
INFO: [ app_begin ] --START--
INFO: Run Behavior\ReadHtmlCacheBehavior [ RunTime:0.000023s ]
INFO: [ app_begin ] --END-- [ RunTime:0.000065s ]
SQL: SHOW COLUMNS FROM `user` [ RunTime:0.0009s ]
SQL: SELECT * FROM `user` WHERE `user_name` = 'flower' AND `user_type` = 1 LIMIT 1   [ RunTime:0.0002s ]

[ 2015-04-18T22:23:29+08:00 ] 127.0.0.1 /flower/index.php/Home/Index/login.html
INFO: [ app_begin ] --START--
INFO: Run Behavior\ReadHtmlCacheBehavior [ RunTime:0.000048s ]
INFO: [ app_begin ] --END-- [ RunTime:0.000131s ]
SQL: SHOW COLUMNS FROM `user` [ RunTime:0.0010s ]
SQL: SELECT * FROM `user` WHERE `user_name` = 'flower' AND `user_type` = 1 LIMIT 1   [ RunTime:0.0003s ]

[ 2015-04-18T22:23:55+08:00 ] 127.0.0.1 /flower/index.php/Home/Index/login.html
INFO: [ app_begin ] --START--
INFO: Run Behavior\ReadHtmlCacheBehavior [ RunTime:0.000038s ]
INFO: [ app_begin ] --END-- [ RunTime:0.000103s ]
SQL: SHOW COLUMNS FROM `user` [ RunTime:0.0008s ]
SQL: SELECT * FROM `user` WHERE `user_name` = 'flower' AND `user_type` = 1 LIMIT 1   [ RunTime:0.0002s ]

[ 2015-04-18T22:24:43+08:00 ] 127.0.0.1 /flower/index.php/Home/Index/login.html
INFO: [ app_begin ] --START--
INFO: Run Behavior\ReadHtmlCacheBehavior [ RunTime:0.000039s ]
INFO: [ app_begin ] --END-- [ RunTime:0.000107s ]
SQL: SHOW COLUMNS FROM `user` [ RunTime:0.0009s ]
SQL: SELECT * FROM `user` WHERE `user_name` = 'flower' AND `user_type` = 1 LIMIT 1   [ RunTime:0.0001s ]

[ 2015-04-18T22:25:45+08:00 ] 127.0.0.1 /flower/index.php/Home/Index/login.html
INFO: [ app_begin ] --START--
INFO: Run Behavior\ReadHtmlCacheBehavior [ RunTime:0.000024s ]
INFO: [ app_begin ] --END-- [ RunTime:0.000069s ]
SQL: SHOW COLUMNS FROM `user` [ RunTime:0.0011s ]
SQL: SELECT * FROM `user` WHERE `user_name` = 'flower' AND `user_type` = 1 LIMIT 1   [ RunTime:0.0003s ]
SQL: SELECT * FROM `user` WHERE `user_name` = 'flower' AND `user_type` = 1 AND `password` = 'b924b86bb93d440d7c4bd0987d13e52ce4ccedb4' LIMIT 1   [ RunTime:0.0004s ]

[ 2015-04-18T22:27:15+08:00 ] 127.0.0.1 /flower/index.php/Home/Index/login.html
INFO: [ app_begin ] --START--
INFO: Run Behavior\ReadHtmlCacheBehavior [ RunTime:0.000046s ]
INFO: [ app_begin ] --END-- [ RunTime:0.000125s ]
SQL: SHOW COLUMNS FROM `user` [ RunTime:0.0012s ]
SQL: SELECT * FROM `user` WHERE `user_name` = 'flower' AND `user_type` = 1 LIMIT 1   [ RunTime:0.0001s ]
SQL: SELECT * FROM `user` WHERE `user_name` = 'flower' AND `user_type` = 1 AND `password` = 'b924b86bb93d440d7c4bd0987d13e52ce4ccedb4' LIMIT 1   [ RunTime:0.0001s ]

[ 2015-04-18T22:27:28+08:00 ] 127.0.0.1 /flower/index.php/Home/Index/login.html
INFO: [ app_begin ] --START--
INFO: Run Behavior\ReadHtmlCacheBehavior [ RunTime:0.000051s ]
INFO: [ app_begin ] --END-- [ RunTime:0.000148s ]
SQL: SHOW COLUMNS FROM `user` [ RunTime:0.0007s ]
SQL: SELECT * FROM `user` WHERE `user_name` = 'flower' AND `user_type` = 1 LIMIT 1   [ RunTime:0.0001s ]
SQL: SELECT * FROM `user` WHERE `user_name` = 'flower' AND `user_type` = 1 AND `password` = 'b924b86bb93d440d7c4bd0987d13e52ce4ccedb4' LIMIT 1   [ RunTime:0.0001s ]

[ 2015-04-18T22:28:47+08:00 ] 127.0.0.1 /flower/index.php/Home/Index/login.html
INFO: [ app_begin ] --START--
INFO: Run Behavior\ReadHtmlCacheBehavior [ RunTime:0.000050s ]
INFO: [ app_begin ] --END-- [ RunTime:0.000186s ]
SQL: SHOW COLUMNS FROM `user` [ RunTime:0.0010s ]
SQL: SELECT * FROM `user` WHERE `user_name` = 'flower' AND `user_type` = 1 LIMIT 1   [ RunTime:0.0001s ]
SQL: SELECT * FROM `user` WHERE `user_name` = 'flower' AND `user_type` = 1 AND `password` = '6216f8a75fd5bb3d5f22b6f9958cdede3fc086c2' LIMIT 1   [ RunTime:0.0004s ]

[ 2015-04-18T22:28:51+08:00 ] 127.0.0.1 /flower/index.php/Home/Index/login.html
INFO: [ app_begin ] --START--
INFO: Run Behavior\ReadHtmlCacheBehavior [ RunTime:0.000040s ]
INFO: [ app_begin ] --END-- [ RunTime:0.000104s ]
SQL: SHOW COLUMNS FROM `user` [ RunTime:0.0009s ]
SQL: SELECT * FROM `user` WHERE `user_name` = 'flower' AND `user_type` = 1 LIMIT 1   [ RunTime:0.0001s ]
SQL: SELECT * FROM `user` WHERE `user_name` = 'flower' AND `user_type` = 1 AND `password` = '6216f8a75fd5bb3d5f22b6f9958cdede3fc086c2' LIMIT 1   [ RunTime:0.0001s ]

[ 2015-04-18T22:29:28+08:00 ] 127.0.0.1 /flower/index.php/Home/Index/login.html
INFO: [ app_begin ] --START--
INFO: Run Behavior\ReadHtmlCacheBehavior [ RunTime:0.000034s ]
INFO: [ app_begin ] --END-- [ RunTime:0.000095s ]
SQL: SHOW COLUMNS FROM `user` [ RunTime:0.0013s ]
SQL: SELECT * FROM `user` WHERE `user_name` = 'flower' AND `user_type` = 1 LIMIT 1   [ RunTime:0.0001s ]
SQL: SELECT * FROM `user` WHERE `user_name` = 'flower' AND `user_type` = 1 AND `password` = '6216f8a75fd5bb3d5f22b6f9958cdede3fc086c2' LIMIT 1   [ RunTime:0.0001s ]

[ 2015-04-18T22:29:59+08:00 ] 127.0.0.1 /flower/index.php/Home/Index/login.html
INFO: [ app_begin ] --START--
INFO: Run Behavior\ReadHtmlCacheBehavior [ RunTime:0.000038s ]
INFO: [ app_begin ] --END-- [ RunTime:0.000103s ]
SQL: SHOW COLUMNS FROM `user` [ RunTime:0.0024s ]
SQL: SELECT * FROM `user` WHERE `user_name` = 'flower' AND `user_type` = 1 LIMIT 1   [ RunTime:0.0001s ]
SQL: SELECT * FROM `user` WHERE `user_name` = 'flower' AND `user_type` = 1 AND `password` = '6216f8a75fd5bb3d5f22b6f9958cdede3fc086c2' LIMIT 1   [ RunTime:0.0001s ]

[ 2015-04-18T22:31:39+08:00 ] 127.0.0.1 /flower/index.php/Home/Index/login.html
INFO: [ app_begin ] --START--
INFO: Run Behavior\ReadHtmlCacheBehavior [ RunTime:0.000033s ]
INFO: [ app_begin ] --END-- [ RunTime:0.000095s ]
SQL: SHOW COLUMNS FROM `user` [ RunTime:0.0010s ]
SQL: SELECT * FROM `user` WHERE `user_name` = 'flower' AND `user_type` = 1 LIMIT 1   [ RunTime:0.0003s ]
SQL: SELECT * FROM `user` WHERE `user_name` = 'flower' AND `user_type` = 1 AND `password` = '6216f8a75fd5bb3d5f22b6f9958cdede3fc086c2' LIMIT 1   [ RunTime:0.0003s ]

[ 2015-04-18T22:32:34+08:00 ] 127.0.0.1 /flower/index.php/Home/Index/login.html
INFO: [ app_begin ] --START--
INFO: Run Behavior\ReadHtmlCacheBehavior [ RunTime:0.000057s ]
INFO: [ app_begin ] --END-- [ RunTime:0.000158s ]
SQL: SHOW COLUMNS FROM `user` [ RunTime:0.0007s ]
SQL: SELECT * FROM `user` WHERE `user_name` = 'flower' AND `user_type` = 1 LIMIT 1   [ RunTime:0.0001s ]
SQL: SELECT * FROM `user` WHERE `user_name` = 'flower' AND `user_type` = 1 AND `password` = '6216f8a75fd5bb3d5f22b6f9958cdede3fc086c2' LIMIT 1   [ RunTime:0.0001s ]

[ 2015-04-18T22:32:56+08:00 ] 127.0.0.1 /flower/index.php/Home/Index/login.html
INFO: [ app_begin ] --START--
INFO: Run Behavior\ReadHtmlCacheBehavior [ RunTime:0.000059s ]
INFO: [ app_begin ] --END-- [ RunTime:0.000165s ]
SQL: SHOW COLUMNS FROM `user` [ RunTime:0.0008s ]
SQL: SELECT * FROM `user` WHERE `user_name` = 'flower' AND `user_type` = 1 LIMIT 1   [ RunTime:0.0001s ]
SQL: SELECT * FROM `user` WHERE `user_name` = 'flower' AND `user_type` = 1 AND `password` = '6216f8a75fd5bb3d5f22b6f9958cdede3fc086c2' LIMIT 1   [ RunTime:0.0001s ]

[ 2015-04-18T22:33:49+08:00 ] 127.0.0.1 /flower/index.php/Home/Index/login.html
INFO: [ app_begin ] --START--
INFO: Run Behavior\ReadHtmlCacheBehavior [ RunTime:0.000061s ]
INFO: [ app_begin ] --END-- [ RunTime:0.000156s ]
SQL: SHOW COLUMNS FROM `user` [ RunTime:0.0007s ]
SQL: SELECT * FROM `user` WHERE `user_name` = 'flower' AND `user_type` = 1 LIMIT 1   [ RunTime:0.0001s ]
SQL: SELECT * FROM `user` WHERE `user_name` = 'flower' AND `user_type` = 1 AND `password` = '6216f8a75fd5bb3d5f22b6f9958cdede3fc086c2' LIMIT 1   [ RunTime:0.0001s ]

[ 2015-04-18T22:34:43+08:00 ] 127.0.0.1 /flower/index.php/Home/Index/login.html
INFO: [ app_begin ] --START--
INFO: Run Behavior\ReadHtmlCacheBehavior [ RunTime:0.000034s ]
INFO: [ app_begin ] --END-- [ RunTime:0.000088s ]
SQL: SHOW COLUMNS FROM `user` [ RunTime:0.0007s ]
SQL: SELECT * FROM `user` WHERE `user_name` = 'flower' AND `user_type` = 1 LIMIT 1   [ RunTime:0.0001s ]
SQL: SELECT * FROM `user` WHERE `user_name` = 'flower' AND `user_type` = 1 AND `password` = '6216f8a75fd5bb3d5f22b6f9958cdede3fc086c2' LIMIT 1   [ RunTime:0.0001s ]
SQL: SELECT * FROM `user` WHERE `user_name` = 'flower' AND `password` = '6216f8a75fd5bb3d5f22b6f9958cdede3fc086c2' LIMIT 1   [ RunTime:0.0005s ]

[ 2015-04-18T22:34:43+08:00 ] 127.0.0.1 /flower/index.php/Home/Index/%7BU:('Index/index')%7D
ERR: 非法操作:{U:('Index

[ 2015-04-18T22:35:43+08:00 ] 127.0.0.1 /flower/index.php/Home/Index/%7BU:('Index/index')%7D
ERR: 非法操作:{U:('Index

[ 2015-04-18T22:36:10+08:00 ] 127.0.0.1 /flower/index.php/Home/Index/login.html
INFO: [ app_begin ] --START--
INFO: Run Behavior\ReadHtmlCacheBehavior [ RunTime:0.000032s ]
INFO: [ app_begin ] --END-- [ RunTime:0.000086s ]
SQL: SHOW COLUMNS FROM `user` [ RunTime:0.0008s ]
SQL: SELECT * FROM `user` WHERE `user_name` = 'flower' AND `user_type` = 1 LIMIT 1   [ RunTime:0.0001s ]
SQL: SELECT * FROM `user` WHERE `user_name` = 'flower' AND `user_type` = 1 AND `password` = '6216f8a75fd5bb3d5f22b6f9958cdede3fc086c2' LIMIT 1   [ RunTime:0.0001s ]
SQL: SELECT * FROM `user` WHERE `user_name` = 'flower' AND `password` = '6216f8a75fd5bb3d5f22b6f9958cdede3fc086c2' LIMIT 1   [ RunTime:0.0001s ]

[ 2015-04-18T22:36:10+08:00 ] 127.0.0.1 /flower/index.php/Home/Index/%7BU:('Index/index')%7D
ERR: 非法操作:{U:('Index

[ 2015-04-18T22:36:55+08:00 ] 127.0.0.1 /flower/index.php/Home/Index/login.html
INFO: [ app_begin ] --START--
INFO: Run Behavior\ReadHtmlCacheBehavior [ RunTime:0.000052s ]
INFO: [ app_begin ] --END-- [ RunTime:0.000150s ]
SQL: SHOW COLUMNS FROM `user` [ RunTime:0.0009s ]
SQL: SELECT * FROM `user` WHERE `user_name` = 'flower' AND `user_type` = 1 LIMIT 1   [ RunTime:0.0001s ]
SQL: SELECT * FROM `user` WHERE `user_name` = 'flower' AND `user_type` = 1 AND `password` = '6216f8a75fd5bb3d5f22b6f9958cdede3fc086c2' LIMIT 1   [ RunTime:0.0001s ]
SQL: SELECT * FROM `user` WHERE `user_name` = 'flower' AND `password` = '6216f8a75fd5bb3d5f22b6f9958cdede3fc086c2' LIMIT 1   [ RunTime:0.0001s ]

[ 2015-04-18T22:37:05+08:00 ] 127.0.0.1 /flower/index.php/Home/Index/login.html
INFO: [ app_begin ] --START--
INFO: Run Behavior\ReadHtmlCacheBehavior [ RunTime:0.000043s ]
INFO: [ app_begin ] --END-- [ RunTime:0.000119s ]
SQL: SHOW COLUMNS FROM `user` [ RunTime:0.0009s ]
SQL: SELECT * FROM `user` WHERE `user_name` = 'flower' AND `user_type` = 1 LIMIT 1   [ RunTime:0.0001s ]
SQL: SELECT * FROM `user` WHERE `user_name` = 'flower' AND `user_type` = 1 AND `password` = '6216f8a75fd5bb3d5f22b6f9958cdede3fc086c2' LIMIT 1   [ RunTime:0.0001s ]
SQL: SELECT * FROM `user` WHERE `user_name` = 'flower' AND `password` = '6216f8a75fd5bb3d5f22b6f9958cdede3fc086c2' LIMIT 1   [ RunTime:0.0001s ]

